# JRE version: Java(TM) SE Runtime Environment (12.0.2+10) (build 12.0.2+10)
# Java VM: Java HotSpot(TM) 64-Bit Server VM (12.0.2+10, mixed mode, sharing, tiered, compressed oops, g1 gc, windows-amd64)
Heap:
 garbage-first heap   total 395264K, used 28918K [0x0000000701c00000, 0x0000000800000000)
  region size 1024K, 4 young (4096K), 4 survivors (4096K)
 Metaspace       used 8167K, capacity 8424K, committed 8704K, reserved 1056768K
  class space    used 860K, capacity 983K, committed 1024K, reserved 1048576K
GC Heap History (10 events):
Event: 45.203 GC heap after
{Heap after GC invocations=63 (full 0):
 garbage-first heap   total 328704K, used 28234K [0x0000000701c00000, 0x0000000800000000)
  region size 1024K, 4 young (4096K), 4 survivors (4096K)
 Metaspace       used 8167K, capacity 8424K, committed 8704K, reserved 1056768K
  class space    used 860K, capacity 983K, committed 1024K, reserved 1048576K
}
Event: 45.261 GC heap before
{Heap before GC invocations=63 (full 0):
 garbage-first heap   total 328704K, used 220746K [0x0000000701c00000, 0x0000000800000000)
  region size 1024K, 192 young (196608K), 4 survivors (4096K)
 Metaspace       used 8167K, capacity 8424K, committed 8704K, reserved 1056768K
  class space    used 860K, capacity 983K, committed 1024K, reserved 1048576K
}
Event: 45.262 GC heap after
{Heap after GC invocations=64 (full 0):
 garbage-first heap   total 328704K, used 28482K [0x0000000701c00000, 0x0000000800000000)
  region size 1024K, 4 young (4096K), 4 survivors (4096K)
 Metaspace       used 8167K, capacity 8424K, committed 8704K, reserved 1056768K
  class space    used 860K, capacity 983K, committed 1024K, reserved 1048576K
}
Event: 45.316 GC heap before
{Heap before GC invocations=64 (full 0):
 garbage-first heap   total 328704K, used 220994K [0x0000000701c00000, 0x0000000800000000)
  region size 1024K, 192 young (196608K), 4 survivors (4096K)
 Metaspace       used 8167K, capacity 8424K, committed 8704K, reserved 1056768K
  class space    used 860K, capacity 983K, committed 1024K, reserved 1048576K
}
Event: 45.318 GC heap after
{Heap after GC invocations=65 (full 0):
 garbage-first heap   total 328704K, used 28235K [0x0000000701c00000, 0x0000000800000000)
  region size 1024K, 4 young (4096K), 4 survivors (4096K)
 Metaspace       used 8167K, capacity 8424K, committed 8704K, reserved 1056768K
  class space    used 860K, capacity 983K, committed 1024K, reserved 1048576K
}
Event: 45.374 GC heap before
{Heap before GC invocations=65 (full 0):
 garbage-first heap   total 328704K, used 220747K [0x0000000701c00000, 0x0000000800000000)
  region size 1024K, 192 young (196608K), 4 survivors (4096K)
 Metaspace       used 8167K, capacity 8424K, committed 8704K, reserved 1056768K
  class space    used 860K, capacity 983K, committed 1024K, reserved 1048576K
}
Event: 45.375 GC heap after
{Heap after GC invocations=66 (full 0):
 garbage-first heap   total 328704K, used 28947K [0x0000000701c00000, 0x0000000800000000)
  region size 1024K, 4 young (4096K), 4 survivors (4096K)
 Metaspace       used 8167K, capacity 8424K, committed 8704K, reserved 1056768K
  class space    used 860K, capacity 983K, committed 1024K, reserved 1048576K
}
Event: 45.430 GC heap before
{Heap before GC invocations=66 (full 0):
 garbage-first heap   total 328704K, used 221459K [0x0000000701c00000, 0x0000000800000000)
  region size 1024K, 192 young (196608K), 4 survivors (4096K)
 Metaspace       used 8167K, capacity 8424K, committed 8704K, reserved 1056768K
  class space    used 860K, capacity 983K, committed 1024K, reserved 1048576K
}
Event: 45.431 GC heap after
{Heap after GC invocations=67 (full 0):
 garbage-first heap   total 328704K, used 28569K [0x0000000701c00000, 0x0000000800000000)
  region size 1024K, 4 young (4096K), 4 survivors (4096K)
 Metaspace       used 8167K, capacity 8424K, committed 8704K, reserved 1056768K
  class space    used 860K, capacity 983K, committed 1024K, reserved 1048576K
}
Event: 45.491 GC heap before
{Heap before GC invocations=67 (full 0):
 garbage-first heap   total 328704K, used 221081K [0x0000000701c00000, 0x0000000800000000)
  region size 1024K, 192 young (196608K), 4 survivors (4096K)
 Metaspace       used 8167K, capacity 8424K, committed 8704K, reserved 1056768K
  class space    used 860K, capacity 983K, committed 1024K, reserved 1048576K
}

